[35m[Appium][39m Welcome to Appium v1.22.3
[35m[Appium][39m Non-default server args:
[35m[Appium][39m   port: 59938
[35m[Appium][39m   loglevel: info
[35m[Appium][39m   tmpDir: C:\Users\095095\AppData\Local\Temp\\Katalon\Appium\Temp1657521277843
[35m[Appium][39m   chromedriverPort: 59939
[35m[Appium][39m Deprecated server args:
[35m[Appium][39m   [31m--chromedriver-port[39m => --default-capabilities
[35m[Appium][39m Default capabilities, which will be added to each request unless overridden by desired capabilities:
[35m[Appium][39m   chromedriverPort: 59939
[35m[Appium][39m Appium REST http interface listener started on 0.0.0.0:59938
[35m[HTTP][39m [37m-->[39m [37mGET[39m [37m/wd/hub/status[39m
[35m[HTTP][39m [90m{}[39m
[35m[HTTP][39m [37m<-- GET /wd/hub/status [39m[32m200[39m [90m5 ms - 68[39m
[35m[HTTP][39m [90m[39m
[35m[HTTP][39m [37m-->[39m [37mGET[39m [37m/wd/hub/status[39m
[35m[HTTP][39m [90m{}[39m
[35m[HTTP][39m [37m<-- GET /wd/hub/status [39m[32m200[39m [90m1 ms - 68[39m
[35m[HTTP][39m [90m[39m
[35m[HTTP][39m [37m-->[39m [37mPOST[39m [37m/wd/hub/session[39m
[35m[HTTP][39m [90m{"desiredCapabilities":{"appActivity":".Settings","appPackage":"com.android.settings","newCommandTimeout":1800,"platformVersion":"9","automationName":"uiautomator2","autoGrantPermissions":true,"platformName":"Android","udid":"UOBUVWYTBIQGF6Z9","deviceName":"vivo vivo 1902 (Android 9)","platform":"ANDROID","systemPort":8297},"capabilities":{"firstMatch":[{"appium:appActivity":".Settings","appium:appPackage":"com.android.settings","appium:autoGrantPermissions":true,"appium:automationName":"uiautomator2","appium:deviceName":"vivo vivo 1902 (Android 9)","appium:newCommandTimeout":1800,"platform":"ANDROID","platformName":"android","appium:platformVersion":"9","appium:systemPort":8297,"appium:udid":"UOBUVWYTBIQGF6Z9"}]}}[39m
[35m[BaseDriver][39m The following capabilities are not standard capabilities and should have an extension prefix:
[35m[BaseDriver][39m   platform
[35m[BaseDriver][39m   chromedriverPort
[35m[Appium][39m Appium v1.22.3 creating new AndroidUiautomator2Driver (v1.70.1) session
[35m[BaseDriver][39m The following capabilities were provided, but are not recognized by Appium:
[35m[BaseDriver][39m   platform
[35m[BaseDriver][39m Session created with session id: d52dcf99-0cc5-48d4-9ab7-64dacf6b9426
[35m[UiAutomator2][39m Starting 'com.android.settings' directly on the device
[35m[ADB][39m Found 1 'build-tools' folders under 'C:\Users\095095\.katalon\tools\android_sdk' (newest first):
[35m[ADB][39m     C:/Users/095095/.katalon/tools/android_sdk/build-tools/29.0.3
[35m[ADB][39m Using 'adb.exe' from 'C:\Users\095095\.katalon\tools\android_sdk\platform-tools\adb.exe'
[35m[AndroidDriver][39m Retrieving device list
[35m[AndroidDriver][39m Using device: UOBUVWYTBIQGF6Z9
[35m[ADB][39m Using 'adb.exe' from 'C:\Users\095095\.katalon\tools\android_sdk\platform-tools\adb.exe'
[35m[ADB][39m Getting device platform version
[35m[UiAutomator2][39m Relaxing hidden api policy
[35m[AndroidDriver][39m No app sent in, not parsing package/activity
[35m[ADB][39m Using 'apksigner.jar' from 'C:\Users\095095\.katalon\tools\android_sdk\build-tools\29.0.3\lib\apksigner.jar'
[35m[ADB][39m 'C:\Users\095095\AppData\Roaming\npm\node_modules\appium\node_modules\appium-uiautomator2-server\apks\appium-uiautomator2-server-v4.27.0.apk' is signed with the default certificate
[35m[ADB][39m 'C:\Users\095095\AppData\Roaming\npm\node_modules\appium\node_modules\appium-uiautomator2-server\apks\appium-uiautomator2-server-debug-androidTest.apk' is signed with the default certificate
[35m[UiAutomator2][39m Server packages are not going to be (re)installed
[35m[ADB][39m Adding packages ["io.appium.settings","io.appium.uiautomator2.server","io.appium.uiautomator2.server.test"] to Doze whitelist
[35m[UiAutomator2][39m Starting UIAutomator2 server 4.27.0
[35m[UiAutomator2][39m Using UIAutomator2 server from 'C:\Users\095095\AppData\Roaming\npm\node_modules\appium\node_modules\appium-uiautomator2-server\apks\appium-uiautomator2-server-v4.27.0.apk' and test from 'C:\Users\095095\AppData\Roaming\npm\node_modules\appium\node_modules\appium-uiautomator2-server\apks\appium-uiautomator2-server-debug-androidTest.apk'
[35m[UiAutomator2][39m Waiting up to 30000ms for UiAutomator2 to be online...
[35m[WD Proxy][39m socket hang up
[35m[WD Proxy][39m socket hang up
[35m[WD Proxy][39m socket hang up
[35m[WD Proxy][39m socket hang up
[35m[WD Proxy][39m socket hang up
[35m[WD Proxy][39m Determined the downstream protocol as 'W3C'
[35m[AndroidDriver][39m Screen already unlocked, doing nothing
[35m[UiAutomator2][39m Starting 'com.android.settings/.Settings and waiting for 'com.android.settings/.Settings'
[35m[Appium][39m New AndroidUiautomator2Driver session created successfully, session d52dcf99-0cc5-48d4-9ab7-64dacf6b9426 added to master session list
[35m[HTTP][39m [37m<-- POST /wd/hub/session [39m[32m200[39m [90m16765 ms - 1165[39m
[35m[HTTP][39m [90m[39m
[35m[HTTP][39m [37m-->[39m [37mGET[39m [37m/wd/hub/session/d52dcf99-0cc5-48d4-9ab7-64dacf6b9426[39m
[35m[HTTP][39m [90m{}[39m
[35m[HTTP][39m [37m<-- GET /wd/hub/session/d52dcf99-0cc5-48d4-9ab7-64dacf6b9426 [39m[32m200[39m [90m49 ms - 1119[39m
[35m[HTTP][39m [90m[39m
[35m[HTTP][39m [37m-->[39m [37mGET[39m [37m/wd/hub/session/d52dcf99-0cc5-48d4-9ab7-64dacf6b9426[39m
[35m[HTTP][39m [90m{}[39m
[35m[HTTP][39m [37m<-- GET /wd/hub/session/d52dcf99-0cc5-48d4-9ab7-64dacf6b9426 [39m[32m200[39m [90m27 ms - 1119[39m
[35m[HTTP][39m [90m[39m
[35m[HTTP][39m [37m-->[39m [37mGET[39m [37m/wd/hub/status[39m
[35m[HTTP][39m [90m{}[39m
[35m[HTTP][39m [37m<-- GET /wd/hub/status [39m[32m200[39m [90m3 ms - 68[39m
[35m[HTTP][39m [90m[39m
[35m[HTTP][39m [37m-->[39m [37mPOST[39m [37m/wd/hub/session/d52dcf99-0cc5-48d4-9ab7-64dacf6b9426/timeouts[39m
[35m[HTTP][39m [90m{"implicit":60000}[39m
[35m[HTTP][39m [37m<-- POST /wd/hub/session/d52dcf99-0cc5-48d4-9ab7-64dacf6b9426/timeouts [39m[32m200[39m [90m4 ms - 14[39m
[35m[HTTP][39m [90m[39m
[35m[HTTP][39m [37m-->[39m [37mGET[39m [37m/wd/hub/session/d52dcf99-0cc5-48d4-9ab7-64dacf6b9426/screenshot[39m
[35m[HTTP][39m [90m{}[39m
[35m[HTTP][39m [37m<-- GET /wd/hub/session/d52dcf99-0cc5-48d4-9ab7-64dacf6b9426/screenshot [39m[32m200[39m [90m841 ms - 124484[39m
[35m[HTTP][39m [90m[39m
[35m[HTTP][39m [37m-->[39m [37mGET[39m [37m/wd/hub/session/d52dcf99-0cc5-48d4-9ab7-64dacf6b9426/window/rect[39m
[35m[HTTP][39m [90m{}[39m
[35m[HTTP][39m [37m<-- GET /wd/hub/session/d52dcf99-0cc5-48d4-9ab7-64dacf6b9426/window/rect [39m[32m200[39m [90m56 ms - 49[39m
[35m[HTTP][39m [90m[39m
[35m[HTTP][39m [37m-->[39m [37mGET[39m [37m/wd/hub/session/d52dcf99-0cc5-48d4-9ab7-64dacf6b9426/appium/device/system_bars[39m
[35m[HTTP][39m [90m{}[39m
[35m[HTTP][39m [37m<-- GET /wd/hub/session/d52dcf99-0cc5-48d4-9ab7-64dacf6b9426/appium/device/system_bars [39m[32m200[39m [90m238 ms - 145[39m
[35m[HTTP][39m [90m[39m
[35m[HTTP][39m [37m-->[39m [37mPOST[39m [37m/wd/hub/session/d52dcf99-0cc5-48d4-9ab7-64dacf6b9426/appium/device/activate_app[39m
[35m[HTTP][39m [90m{"bundleId":"com.example.mikebanks.bankscorpfinancial"}[39m
[35m[HTTP][39m [37m<-- POST /wd/hub/session/d52dcf99-0cc5-48d4-9ab7-64dacf6b9426/appium/device/activate_app [39m[32m200[39m [90m1875 ms - 14[39m
[35m[HTTP][39m [90m[39m
[35m[HTTP][39m [37m-->[39m [37mGET[39m [37m/wd/hub/session/d52dcf99-0cc5-48d4-9ab7-64dacf6b9426/source[39m
[35m[HTTP][39m [90m{}[39m
[35m[W3C (d52dcf99)][39m Driver proxy active, passing request on via HTTP proxy
[35m[WD Proxy][39m Replacing sessionId c0f9dca4-b119-4d6a-b9f4-21cdb0a5b945 with d52dcf99-0cc5-48d4-9ab7-64dacf6b9426
[35m[HTTP][39m [37m<-- GET /wd/hub/session/d52dcf99-0cc5-48d4-9ab7-64dacf6b9426/source [39m[32m200[39m [90m1017 ms - 10764[39m
[35m[HTTP][39m [90m[39m
[35m[HTTP][39m [37m-->[39m [37mGET[39m [37m/wd/hub/session/d52dcf99-0cc5-48d4-9ab7-64dacf6b9426/screenshot[39m
[35m[HTTP][39m [90m{}[39m
[35m[HTTP][39m [37m<-- GET /wd/hub/session/d52dcf99-0cc5-48d4-9ab7-64dacf6b9426/screenshot [39m[32m200[39m [90m745 ms - 97304[39m
[35m[HTTP][39m [90m[39m
[35m[HTTP][39m [37m-->[39m [37mPOST[39m [37m/wd/hub/session/d52dcf99-0cc5-48d4-9ab7-64dacf6b9426/elements[39m
[35m[HTTP][39m [90m{"using":"xpath","value":"//*[@class = 'android.widget.TextView' and (@text = 'Good afternoon, Aldiransyah. Welcome to the Bank App Demo. Happy Monday.' or . = 'Good afternoon, Aldiransyah. Welcome to the Bank App Demo. Happy Monday.') and @resource-id = 'com.example.mikebanks.bankscorpfinancial:id/txt_welcome']"}[39m
[35m[HTTP][39m [37m<-- POST /wd/hub/session/d52dcf99-0cc5-48d4-9ab7-64dacf6b9426/elements [39m[32m200[39m [90m1562 ms - 139[39m
[35m[HTTP][39m [90m[39m
[35m[HTTP][39m [37m-->[39m [37mPOST[39m [37m/wd/hub/session/d52dcf99-0cc5-48d4-9ab7-64dacf6b9426/elements[39m
[35m[HTTP][39m [90m{"using":"xpath","value":"//*[@class = 'android.widget.Button' and (@text = 'ADD ACCOUNT' or . = 'ADD ACCOUNT') and @resource-id = 'com.example.mikebanks.bankscorpfinancial:id/btn_add_account']"}[39m
[35m[HTTP][39m [37m<-- POST /wd/hub/session/d52dcf99-0cc5-48d4-9ab7-64dacf6b9426/elements [39m[32m200[39m [90m580 ms - 139[39m
[35m[HTTP][39m [90m[39m
[35m[HTTP][39m [37m-->[39m [37mGET[39m [37m/wd/hub/session/d52dcf99-0cc5-48d4-9ab7-64dacf6b9426/source[39m
[35m[HTTP][39m [90m{}[39m
[35m[W3C (d52dcf99)][39m Driver proxy active, passing request on via HTTP proxy
[35m[WD Proxy][39m Replacing sessionId c0f9dca4-b119-4d6a-b9f4-21cdb0a5b945 with d52dcf99-0cc5-48d4-9ab7-64dacf6b9426
[35m[HTTP][39m [37m<-- GET /wd/hub/session/d52dcf99-0cc5-48d4-9ab7-64dacf6b9426/source [39m[32m200[39m [90m184 ms - 4373[39m
[35m[HTTP][39m [90m[39m
[35m[HTTP][39m [37m-->[39m [37mGET[39m [37m/wd/hub/session/d52dcf99-0cc5-48d4-9ab7-64dacf6b9426/screenshot[39m
[35m[HTTP][39m [90m{}[39m
[35m[HTTP][39m [37m<-- GET /wd/hub/session/d52dcf99-0cc5-48d4-9ab7-64dacf6b9426/screenshot [39m[32m200[39m [90m652 ms - 132010[39m
[35m[HTTP][39m [90m[39m
[35m[HTTP][39m [37m-->[39m [37mPOST[39m [37m/wd/hub/session/d52dcf99-0cc5-48d4-9ab7-64dacf6b9426/elements[39m
[35m[HTTP][39m [90m{"using":"xpath","value":"//*[@class = 'android.widget.EditText' and (@text = 'Account Name' or . = 'Account Name') and @resource-id = 'com.example.mikebanks.bankscorpfinancial:id/edt_payee_name']"}[39m
[35m[HTTP][39m [37m<-- POST /wd/hub/session/d52dcf99-0cc5-48d4-9ab7-64dacf6b9426/elements [39m[32m200[39m [90m183 ms - 139[39m
[35m[HTTP][39m [90m[39m
[35m[HTTP][39m [37m-->[39m [37mPOST[39m [37m/wd/hub/session/d52dcf99-0cc5-48d4-9ab7-64dacf6b9426/elements[39m
[35m[HTTP][39m [90m{"using":"xpath","value":"//*[@class = 'android.widget.EditText' and (@text = 'Initial Balance (Optional)' or . = 'Initial Balance (Optional)') and @resource-id = 'com.example.mikebanks.bankscorpfinancial:id/edt_init_bal']"}[39m
[35m[HTTP][39m [37m<-- POST /wd/hub/session/d52dcf99-0cc5-48d4-9ab7-64dacf6b9426/elements [39m[32m200[39m [90m345 ms - 139[39m
[35m[HTTP][39m [90m[39m
[35m[HTTP][39m [37m-->[39m [37mPOST[39m [37m/wd/hub/session/d52dcf99-0cc5-48d4-9ab7-64dacf6b9426/elements[39m
[35m[HTTP][39m [90m{"using":"xpath","value":"//*[@class = 'android.widget.Button' and (@text = 'ADD' or . = 'ADD') and @resource-id = 'com.example.mikebanks.bankscorpfinancial:id/btn_add_payee']"}[39m
[35m[HTTP][39m [37m<-- POST /wd/hub/session/d52dcf99-0cc5-48d4-9ab7-64dacf6b9426/elements [39m[32m200[39m [90m367 ms - 139[39m
[35m[HTTP][39m [90m[39m
[35m[HTTP][39m [37m-->[39m [37mGET[39m [37m/wd/hub/session/d52dcf99-0cc5-48d4-9ab7-64dacf6b9426/source[39m
[35m[HTTP][39m [90m{}[39m
[35m[W3C (d52dcf99)][39m Driver proxy active, passing request on via HTTP proxy
[35m[WD Proxy][39m Replacing sessionId c0f9dca4-b119-4d6a-b9f4-21cdb0a5b945 with d52dcf99-0cc5-48d4-9ab7-64dacf6b9426
[35m[HTTP][39m [37m<-- GET /wd/hub/session/d52dcf99-0cc5-48d4-9ab7-64dacf6b9426/source [39m[32m200[39m [90m869 ms - 10764[39m
[35m[HTTP][39m [90m[39m
[35m[HTTP][39m [37m-->[39m [37mGET[39m [37m/wd/hub/session/d52dcf99-0cc5-48d4-9ab7-64dacf6b9426/screenshot[39m
[35m[HTTP][39m [90m{}[39m
[35m[HTTP][39m [37m<-- GET /wd/hub/session/d52dcf99-0cc5-48d4-9ab7-64dacf6b9426/screenshot [39m[32m200[39m [90m592 ms - 97648[39m
[35m[HTTP][39m [90m[39m
[35m[HTTP][39m [37m-->[39m [37mPOST[39m [37m/wd/hub/session/d52dcf99-0cc5-48d4-9ab7-64dacf6b9426/elements[39m
[35m[HTTP][39m [90m{"using":"xpath","value":"//*[@class = 'android.widget.ImageButton' and (@text = '' or . = '')]"}[39m
[35m[HTTP][39m [37m<-- POST /wd/hub/session/d52dcf99-0cc5-48d4-9ab7-64dacf6b9426/elements [39m[32m200[39m [90m437 ms - 139[39m
[35m[HTTP][39m [90m[39m
